<?xml version="1.0" encoding="UTF-8"?>
<!-- Generated by org.testng.reporters.JUnitReportReporter -->
<testsuite hostname="Uday" failures="0" tests="1" name="StepDefinition.Practice1" time="9.220" errors="0" timestamp="2024-11-05T00:35:46 IST" skipped="0">
  <testcase classname="StepDefinition.Practice1" name="demo1" time="9.220"/>
</testsuite> <!-- StepDefinition.Practice1 -->
