<?xml version="1.0" encoding="UTF-8"?>
<!-- Generated by org.testng.reporters.JUnitReportReporter -->
<testsuite hostname="Uday" failures="0" tests="4" name="StepDefinition.Practice3" time="14.349" errors="0" timestamp="2024-11-20T22:44:39 IST" skipped="0">
  <testcase classname="StepDefinition.Practice3" name="dbconnect" time="1.172"/>
  <testcase classname="StepDefinition.Practice3" name="dbconnect" time="7.521"/>
  <testcase classname="StepDefinition.Practice3" name="dbconnect" time="4.237"/>
  <testcase classname="StepDefinition.Practice3" name="dbconnect" time="1.419"/>
</testsuite> <!-- StepDefinition.Practice3 -->
