<?xml version="1.0" encoding="UTF-8"?>
<!-- Generated by org.testng.reporters.JUnitReportReporter -->
<testsuite hostname="Uday" failures="0" tests="2" name="StepDefinition.Skip" time="0.004" errors="0" timestamp="2023-08-08T22:04:41 IST" skipped="2">
  <testcase classname="StepDefinition.Skip" name="demo1" time="0.004">
    <skipped/>
  </testcase> <!-- demo1 -->
  <testcase classname="StepDefinition.Skip" name="demo">
    <skipped/>
  </testcase> <!-- demo -->
</testsuite> <!-- StepDefinition.Skip -->
