<?xml version="1.0" encoding="UTF-8"?>
<!-- Generated by org.testng.reporters.JUnitReportReporter -->
<testsuite hostname="Uday" failures="0" tests="5" name="StepDefinition.Practice2" time="0.014" errors="0" timestamp="2024-11-20T22:47:52 IST" skipped="0">
  <testcase classname="StepDefinition.Practice2" name="demo" time="0.008"/>
  <testcase classname="StepDefinition.Practice2" name="demo" time="0.001"/>
  <testcase classname="StepDefinition.Practice2" name="demo" time="0.002"/>
  <testcase classname="StepDefinition.Practice2" name="demo" time="0.001"/>
  <testcase classname="StepDefinition.Practice2" name="demo" time="0.002"/>
</testsuite> <!-- StepDefinition.Practice2 -->
