<?xml version="1.0" encoding="UTF-8"?>
<!-- Generated by org.testng.reporters.JUnitReportReporter -->
<testsuite hostname="Uday" failures="0" tests="2" name="StepDefinition.Group1" time="0.015" errors="0" timestamp="2023-12-29T20:44:34 IST" skipped="0">
  <testcase classname="StepDefinition.Group1" name="demo" time="0.014"/>
  <testcase classname="StepDefinition.Group1" name="demo1" time="0.001"/>
</testsuite> <!-- StepDefinition.Group1 -->
