<?xml version="1.0" encoding="UTF-8"?>
<!-- Generated by org.testng.reporters.JUnitReportReporter -->
<testsuite hostname="Uday" failures="0" tests="3" name="StepDefinition.TestNG_Practice" time="0.009" errors="0" timestamp="2023-12-29T21:43:13 IST" skipped="2">
  <testcase classname="StepDefinition.TestNG_Practice" name="demo3" time="0.001"/>
  <testcase classname="StepDefinition.TestNG_Practice" name="demo2" time="0.008">
    <skipped/>
  </testcase> <!-- demo2 -->
  <testcase classname="StepDefinition.TestNG_Practice" name="demo1">
    <skipped/>
  </testcase> <!-- demo1 -->
</testsuite> <!-- StepDefinition.TestNG_Practice -->
