<?xml version="1.0" encoding="UTF-8"?>
<!-- Generated by org.testng.reporters.JUnitReportReporter -->
<testsuite hostname="Uday" failures="0" tests="1" name="StepDefinition.Skip2" time="0.001" errors="0" timestamp="2023-08-08T22:04:41 IST" skipped="0">
  <testcase classname="StepDefinition.Skip2" name="demo1" time="0.001"/>
</testsuite> <!-- StepDefinition.Skip2 -->
