<?xml version="1.0" encoding="UTF-8"?>
<!-- Generated by org.testng.reporters.JUnitReportReporter -->
<testsuite hostname="Uday" failures="0" tests="2" name="StepDefinition.dataprovider2_practice" time="0.005" errors="0" timestamp="2023-08-09T22:19:23 IST" skipped="0">
  <testcase classname="StepDefinition.dataprovider2_practice" name="demo" time="0.001"/>
  <testcase classname="StepDefinition.dataprovider2_practice" name="demo" time="0.004"/>
</testsuite> <!-- StepDefinition.dataprovider2_practice -->
