<?xml version="1.0" encoding="UTF-8"?>
<!-- Generated by org.testng.reporters.JUnitReportReporter -->
<testsuite hostname="DESKTOP-8N1UVQ9" failures="0" tests="1" name="StepDefinition.Group1" time="0.008" errors="0" timestamp="2023-06-11T00:06:49 IST" skipped="0">
  <testcase classname="StepDefinition.Group1" name="demo1" time="0.008"/>
  <system-out/>
</testsuite> <!-- StepDefinition.Group1 -->
