<?xml version="1.0" encoding="UTF-8"?>
<!-- Generated by org.testng.reporters.JUnitReportReporter -->
<testsuite hostname="DESKTOP-8N1UVQ9" failures="0" tests="2" name="StepDefinition.dataprovider1" time="0.008" errors="0" timestamp="2023-06-11T00:40:14 IST" skipped="0">
  <testcase classname="StepDefinition.dataprovider1" name="demo1" time="0.001"/>
  <system-out/>
  <testcase classname="StepDefinition.dataprovider1" name="demo1" time="0.007"/>
  <system-out/>
</testsuite> <!-- StepDefinition.dataprovider1 -->
