<?xml version="1.0" encoding="UTF-8"?>
<!-- Generated by org.testng.reporters.JUnitReportReporter -->
<testsuite hostname="DESKTOP-8N1UVQ9" failures="0" tests="1" name="StepDefinition.Assert" time="8.302" errors="0" timestamp="2023-07-07T09:18:18 IST" skipped="0">
  <testcase classname="StepDefinition.Assert" name="assertion1" time="8.302"/>
  <system-out/>
</testsuite> <!-- StepDefinition.Assert -->
