<?xml version="1.0" encoding="UTF-8"?>
<!-- Generated by org.testng.reporters.JUnitReportReporter -->
<testsuite hostname="DESKTOP-8N1UVQ9" failures="0" tests="2" name="StepDefinition.testng_demo" time="0.011" errors="0" timestamp="2023-06-10T19:47:36 IST" skipped="0">
  <testcase classname="StepDefinition.testng_demo" name="demo" time="0.006"/>
  <system-out/>
  <testcase classname="StepDefinition.testng_demo" name="demo1" time="0.005"/>
  <system-out/>
</testsuite> <!-- StepDefinition.testng_demo -->
