<?xml version="1.0" encoding="UTF-8"?>
<!-- Generated by org.testng.reporters.JUnitReportReporter -->
<testsuite hostname="DESKTOP-8N1UVQ9" failures="0" tests="3" name="StepDefinition.Skip2" time="0.020" errors="0" timestamp="2023-07-07T20:33:09 IST" skipped="0">
  <testcase classname="StepDefinition.Skip2" name="demo1" time="0.016"/>
  <system-out/>
  <testcase classname="StepDefinition.Skip2" name="demo2" time="0.002"/>
  <system-out/>
  <testcase classname="StepDefinition.Skip2" name="demo" time="0.002"/>
  <system-out/>
</testsuite> <!-- StepDefinition.Skip2 -->
