<?xml version="1.0" encoding="UTF-8"?>
<!-- Generated by org.testng.reporters.JUnitReportReporter -->
<testsuite hostname="DESKTOP-8N1UVQ9" failures="0" tests="2" name="StepDefinition.practice" time="0.017" errors="0" timestamp="2023-07-07T23:49:57 IST" skipped="0">
  <testcase classname="StepDefinition.practice" name="demo" time="0.003"/>
  <system-out/>
  <testcase classname="StepDefinition.practice" name="demo" time="0.014"/>
  <system-out/>
</testsuite> <!-- StepDefinition.practice -->
