<?xml version="1.0" encoding="UTF-8"?>
<!-- Generated by org.testng.reporters.JUnitReportReporter -->
<testsuite hostname="DESKTOP-8N1UVQ9" failures="0" tests="1" name="StepDefinition.Assert1" time="7.455" errors="0" timestamp="2023-07-07T23:38:05 IST" skipped="0">
  <testcase classname="StepDefinition.Assert1" name="assertion1" time="7.455"/>
  <system-out/>
</testsuite> <!-- StepDefinition.Assert1 -->
