<?xml version="1.0" encoding="UTF-8"?>
<!-- Generated by org.testng.reporters.JUnitReportReporter -->
<testsuite hostname="DESKTOP-8N1UVQ9" failures="0" tests="3" name="StepDefinition.Skip" time="0.015" errors="0" timestamp="2023-06-11T00:12:20 IST" skipped="2">
  <testcase classname="StepDefinition.Skip" name="demo2" time="0.008"/>
  <system-out/>
  <testcase classname="StepDefinition.Skip" name="demo1" time="0.007">
    <skipped/>
  </testcase> <!-- demo1 -->
  <system-out/>
  <testcase classname="StepDefinition.Skip" name="demo">
    <skipped/>
  </testcase> <!-- demo -->
  <system-out/>
</testsuite> <!-- StepDefinition.Skip -->
